<?xml version="1.0" encoding="UTF-8"?>
<!-- Generated by org.testng.reporters.JUnitXMLReporter -->
<testsuite ignored="0" hostname="DESKTOP-EDC7P16" failures="0" tests="4" name="Default test" time="0.122" errors="0" timestamp="2023-11-27T21:10:37 EST">
  <testcase classname="TestNG_Day02.ParamWithDataProvider" name="printDataProvider" time="0.01"/>
  <testcase classname="TestNG_Day02.ParamWithDataProvider" name="printDataProvider" time="0.003"/>
  <testcase classname="TestNG_Day02.ParamWithDataProvider" name="printDataProvider" time="0.004"/>
  <testcase classname="TestNG_Day02.ParamWithDataProvider" name="printDataProvider" time="0.003"/>
</testsuite> <!-- Default test -->
