<?xml version="1.0" encoding="UTF-8"?>
<!-- Generated by org.testng.reporters.JUnitXMLReporter -->
<testsuite ignored="2" hostname="DESKTOP-EDC7P16" failures="0" tests="4" name="SmokeTest" time="0.156" errors="0" timestamp="2023-11-27T19:23:51 EST">
  <testcase classname="TestNG_Day01.IgnoringTests" name="testPrintMessage" time="0.015"/>
  <testcase classname="TestNG_Day01.BasicAnnotations" name="test1" time="0.007"/>
  <testcase classname="TestNG_Day01.BasicAnnotations" name="test2" time="0.006"/>
  <testcase classname="TestNG_Day01.AnotherExampleOfTheTest" name="test4" time="0.009"/>
  <testcase classname="TestNG_Day01.BasicAnnotations" name="test3" time="0.0">
    <ignored/>
  </testcase> <!-- test3 -->
  <testcase classname="TestNG_Day01.IgnoringTests" name="assertTesting" time="0.0">
    <ignored/>
  </testcase> <!-- assertTesting -->
</testsuite> <!-- SmokeTest -->
